ViewPagerIndicator-Library/build/intermediates/manifest_merge_blame_file/release/manifest-merger-blame-release-report.txt
1<?xml version="1.0" encoding="utf-8"?>
2<manifest xmlns:android="http://schemas.android.com/apk/res/android"
3    package="com.viewpagerindicator"
4    android:versionCode="65"
5    android:versionName="2.4.1" >
6
7    <uses-sdk android:minSdkVersion="4" />
7-->Sb Broadband\ViewPagerIndicator-Library\AndroidManifest.xml
8
9</manifest>